<?xml version="1.0" encoding="UTF-8" ?>
<testsuite tests="10" failures="0" name="com.topdesk.cases.toprob.SolutionTest" time="2.116" errors="0" skipped="0">
  <properties>
[...]
</properties>
  <testcase classname="com.topdesk.cases.toprob.SolutionTest" name="randomish_bug" time="0.063"/>
  <testcase classname="com.topdesk.cases.toprob.SolutionTest" name="npe_grid_null" time="0"/>
  <testcase classname="com.topdesk.cases.toprob.SolutionTest" name="small_grid_bug_everywhere" time="0.016"/>
  <testcase classname="com.topdesk.cases.toprob.SolutionTest" name="iae_negative_time" time="0"/>
  <testcase classname="com.topdesk.cases.toprob.SolutionTest" name="annoying_bug" time="0"/>
  <testcase classname="com.topdesk.cases.toprob.SolutionTest" name="big_grid" time="0"/>
  <testcase classname="com.topdesk.cases.toprob.SolutionTest" name="annoying_bug_high_grid" time="1.47"/>
  <testcase classname="com.topdesk.cases.toprob.SolutionTest" name="minimum_grid" time="0"/>
  <testcase classname="com.topdesk.cases.toprob.SolutionTest" name="small_grid" time="0"/>
  <testcase classname="com.topdesk.cases.toprob.SolutionTest" name="big_grid_bug_everywhere" time="0.505"/>
</testsuite>